\BOOKMARK [0][-]{chapter.1}{\376\377\0001\000\040\000H\000i\000e\000r\000a\000r\000c\000h\000i\000c\000a\000l\000\040\000I\000n\000d\000e\000x}{}% 1
\BOOKMARK [1][-]{section.1.1}{\376\377\0001\000.\0001\000\040\000C\000l\000a\000s\000s\000\040\000H\000i\000e\000r\000a\000r\000c\000h\000y}{chapter.1}% 2
\BOOKMARK [0][-]{chapter.2}{\376\377\0002\000\040\000C\000l\000a\000s\000s\000\040\000I\000n\000d\000e\000x}{}% 3
\BOOKMARK [1][-]{section.2.1}{\376\377\0002\000.\0001\000\040\000C\000l\000a\000s\000s\000\040\000L\000i\000s\000t}{chapter.2}% 4
\BOOKMARK [0][-]{chapter.3}{\376\377\0003\000\040\000C\000l\000a\000s\000s\000\040\000D\000o\000c\000u\000m\000e\000n\000t\000a\000t\000i\000o\000n}{}% 5
\BOOKMARK [1][-]{section.3.1}{\376\377\0003\000.\0001\000\040\000B\000a\000c\000k\000g\000r\000o\000u\000n\000d\000\040\000C\000l\000a\000s\000s\000\040\000R\000e\000f\000e\000r\000e\000n\000c\000e}{chapter.3}% 6
\BOOKMARK [2][-]{subsection.3.1.1}{\376\377\0003\000.\0001\000.\0001\000\040\000M\000e\000m\000b\000e\000r\000\040\000F\000u\000n\000c\000t\000i\000o\000n\000\040\000D\000o\000c\000u\000m\000e\000n\000t\000a\000t\000i\000o\000n}{section.3.1}% 7
\BOOKMARK [3][-]{subsubsection.3.1.1.1}{\376\377\0003\000.\0001\000.\0001\000.\0001\000\040\000D\000r\000a\000w\000\050\000\051}{subsection.3.1.1}% 8
\BOOKMARK [1][-]{section.3.2}{\376\377\0003\000.\0002\000\040\000B\000o\000s\000s\000\040\000C\000l\000a\000s\000s\000\040\000R\000e\000f\000e\000r\000e\000n\000c\000e}{chapter.3}% 9
\BOOKMARK [2][-]{subsection.3.2.1}{\376\377\0003\000.\0002\000.\0001\000\040\000M\000e\000m\000b\000e\000r\000\040\000F\000u\000n\000c\000t\000i\000o\000n\000\040\000D\000o\000c\000u\000m\000e\000n\000t\000a\000t\000i\000o\000n}{section.3.2}% 10
\BOOKMARK [3][-]{subsubsection.3.2.1.1}{\376\377\0003\000.\0002\000.\0001\000.\0001\000\040\000D\000a\000r\000k\000M\000a\000g\000e\000\050\000\051}{subsection.3.2.1}% 11
\BOOKMARK [3][-]{subsubsection.3.2.1.2}{\376\377\0003\000.\0002\000.\0001\000.\0002\000\040\000T\000r\000i\000g\000g\000e\000r\000\050\000\051}{subsection.3.2.1}% 12
\BOOKMARK [1][-]{section.3.3}{\376\377\0003\000.\0003\000\040\000C\000h\000a\000r\000a\000c\000t\000e\000r\000\040\000C\000l\000a\000s\000s\000\040\000R\000e\000f\000e\000r\000e\000n\000c\000e}{chapter.3}% 13
\BOOKMARK [1][-]{section.3.4}{\376\377\0003\000.\0004\000\040\000D\000e\000s\000c\000r\000i\000p\000t\000i\000o\000n\000\040\000C\000l\000a\000s\000s\000\040\000R\000e\000f\000e\000r\000e\000n\000c\000e}{chapter.3}% 14
\BOOKMARK [2][-]{subsection.3.4.1}{\376\377\0003\000.\0004\000.\0001\000\040\000M\000e\000m\000b\000e\000r\000\040\000F\000u\000n\000c\000t\000i\000o\000n\000\040\000D\000o\000c\000u\000m\000e\000n\000t\000a\000t\000i\000o\000n}{section.3.4}% 15
\BOOKMARK [3][-]{subsubsection.3.4.1.1}{\376\377\0003\000.\0004\000.\0001\000.\0001\000\040\000D\000r\000a\000w\000\050\000\051}{subsection.3.4.1}% 16
\BOOKMARK [1][-]{section.3.5}{\376\377\0003\000.\0005\000\040\000D\000r\000o\000p\000s\000\040\000C\000l\000a\000s\000s\000\040\000R\000e\000f\000e\000r\000e\000n\000c\000e}{chapter.3}% 17
\BOOKMARK [2][-]{subsection.3.5.1}{\376\377\0003\000.\0005\000.\0001\000\040\000M\000e\000m\000b\000e\000r\000\040\000F\000u\000n\000c\000t\000i\000o\000n\000\040\000D\000o\000c\000u\000m\000e\000n\000t\000a\000t\000i\000o\000n}{section.3.5}% 18
\BOOKMARK [3][-]{subsubsection.3.5.1.1}{\376\377\0003\000.\0005\000.\0001\000.\0001\000\040\000G\000e\000t\000A\000m\000o\000u\000n\000t\000O\000r\000I\000D\000\050\000\051}{subsection.3.5.1}% 19
\BOOKMARK [3][-]{subsubsection.3.5.1.2}{\376\377\0003\000.\0005\000.\0001\000.\0002\000\040\000G\000e\000t\000T\000y\000p\000e\000\050\000\051}{subsection.3.5.1}% 20
\BOOKMARK [1][-]{section.3.6}{\376\377\0003\000.\0006\000\040\000E\000n\000e\000m\000i\000e\000s\000\040\000C\000l\000a\000s\000s\000\040\000R\000e\000f\000e\000r\000e\000n\000c\000e}{chapter.3}% 21
\BOOKMARK [2][-]{subsection.3.6.1}{\376\377\0003\000.\0006\000.\0001\000\040\000M\000e\000m\000b\000e\000r\000\040\000F\000u\000n\000c\000t\000i\000o\000n\000\040\000D\000o\000c\000u\000m\000e\000n\000t\000a\000t\000i\000o\000n}{section.3.6}% 22
\BOOKMARK [3][-]{subsubsection.3.6.1.1}{\376\377\0003\000.\0006\000.\0001\000.\0001\000\040\000a\000t\000k\000\137\000b\000a\000s\000i\000c\000\050\000\051}{subsection.3.6.1}% 23
\BOOKMARK [3][-]{subsubsection.3.6.1.2}{\376\377\0003\000.\0006\000.\0001\000.\0002\000\040\000a\000t\000k\000\137\000d\000i\000s\000a\000b\000l\000e\000d\000\050\000\051}{subsection.3.6.1}% 24
\BOOKMARK [3][-]{subsubsection.3.6.1.3}{\376\377\0003\000.\0006\000.\0001\000.\0003\000\040\000A\000t\000t\000a\000c\000k\000\050\000\051}{subsection.3.6.1}% 25
\BOOKMARK [3][-]{subsubsection.3.6.1.4}{\376\377\0003\000.\0006\000.\0001\000.\0004\000\040\000m\000o\000v\000\137\000b\000a\000s\000i\000c\000\050\000\051}{subsection.3.6.1}% 26
\BOOKMARK [3][-]{subsubsection.3.6.1.5}{\376\377\0003\000.\0006\000.\0001\000.\0005\000\040\000m\000o\000v\000\137\000f\000r\000e\000e\000\050\000\051}{subsection.3.6.1}% 27
\BOOKMARK [3][-]{subsubsection.3.6.1.6}{\376\377\0003\000.\0006\000.\0001\000.\0006\000\040\000m\000o\000v\000\137\000s\000t\000i\000l\000l\000\050\000\051}{subsection.3.6.1}% 28
\BOOKMARK [3][-]{subsubsection.3.6.1.7}{\376\377\0003\000.\0006\000.\0001\000.\0007\000\040\000M\000o\000v\000e\000\050\000\051}{subsection.3.6.1}% 29
\BOOKMARK [1][-]{section.3.7}{\376\377\0003\000.\0007\000\040\000E\000n\000t\000i\000t\000i\000e\000s\000\040\000C\000l\000a\000s\000s\000\040\000R\000e\000f\000e\000r\000e\000n\000c\000e}{chapter.3}% 30
\BOOKMARK [2][-]{subsection.3.7.1}{\376\377\0003\000.\0007\000.\0001\000\040\000M\000e\000m\000b\000e\000r\000\040\000F\000u\000n\000c\000t\000i\000o\000n\000\040\000D\000o\000c\000u\000m\000e\000n\000t\000a\000t\000i\000o\000n}{section.3.7}% 31
\BOOKMARK [3][-]{subsubsection.3.7.1.1}{\376\377\0003\000.\0007\000.\0001\000.\0001\000\040\000D\000r\000a\000w\000\050\000\051}{subsection.3.7.1}% 32
\BOOKMARK [3][-]{subsubsection.3.7.1.2}{\376\377\0003\000.\0007\000.\0001\000.\0002\000\040\000G\000e\000t\000\137\000I\000D\000\050\000\051}{subsection.3.7.1}% 33
\BOOKMARK [3][-]{subsubsection.3.7.1.3}{\376\377\0003\000.\0007\000.\0001\000.\0003\000\040\000G\000e\000t\000\137\000x\000\050\000\051}{subsection.3.7.1}% 34
\BOOKMARK [3][-]{subsubsection.3.7.1.4}{\376\377\0003\000.\0007\000.\0001\000.\0004\000\040\000G\000e\000t\000\137\000y\000\050\000\051}{subsection.3.7.1}% 35
\BOOKMARK [3][-]{subsubsection.3.7.1.5}{\376\377\0003\000.\0007\000.\0001\000.\0005\000\040\000S\000e\000t\000\137\000x\000\050\000\051}{subsection.3.7.1}% 36
\BOOKMARK [3][-]{subsubsection.3.7.1.6}{\376\377\0003\000.\0007\000.\0001\000.\0006\000\040\000S\000e\000t\000\137\000y\000\050\000\051}{subsection.3.7.1}% 37
\BOOKMARK [1][-]{section.3.8}{\376\377\0003\000.\0008\000\040\000E\000q\000u\000i\000p\000e\000m\000e\000n\000t\000\040\000C\000l\000a\000s\000s\000\040\000R\000e\000f\000e\000r\000e\000n\000c\000e}{chapter.3}% 38
\BOOKMARK [2][-]{subsection.3.8.1}{\376\377\0003\000.\0008\000.\0001\000\040\000M\000e\000m\000b\000e\000r\000\040\000F\000u\000n\000c\000t\000i\000o\000n\000\040\000D\000o\000c\000u\000m\000e\000n\000t\000a\000t\000i\000o\000n}{section.3.8}% 39
\BOOKMARK [3][-]{subsubsection.3.8.1.1}{\376\377\0003\000.\0008\000.\0001\000.\0001\000\040\000A\000d\000d\000I\000t\000e\000m\000\050\000\051}{subsection.3.8.1}% 40
\BOOKMARK [3][-]{subsubsection.3.8.1.2}{\376\377\0003\000.\0008\000.\0001\000.\0002\000\040\000C\000h\000a\000n\000g\000e\000\137\000s\000l\000o\000t\000\050\000\051}{subsection.3.8.1}% 41
\BOOKMARK [3][-]{subsubsection.3.8.1.3}{\376\377\0003\000.\0008\000.\0001\000.\0003\000\040\000C\000h\000a\000n\000g\000e\000S\000e\000l\000e\000c\000t\000e\000d\000I\000t\000e\000m\000\050\000\051}{subsection.3.8.1}% 42
\BOOKMARK [3][-]{subsubsection.3.8.1.4}{\376\377\0003\000.\0008\000.\0001\000.\0004\000\040\000D\000r\000a\000w\000\050\000\051}{subsection.3.8.1}% 43
\BOOKMARK [3][-]{subsubsection.3.8.1.5}{\376\377\0003\000.\0008\000.\0001\000.\0005\000\040\000D\000r\000a\000w\000\137\000s\000e\000l\000e\000c\000t\000i\000o\000n\000\050\000\051}{subsection.3.8.1}% 44
\BOOKMARK [3][-]{subsubsection.3.8.1.6}{\376\377\0003\000.\0008\000.\0001\000.\0006\000\040\000E\000q\000u\000i\000p\000\050\000\051}{subsection.3.8.1}% 45
\BOOKMARK [3][-]{subsubsection.3.8.1.7}{\376\377\0003\000.\0008\000.\0001\000.\0007\000\040\000S\000e\000l\000e\000c\000t\000\137\000s\000l\000o\000t\000\050\000\051}{subsection.3.8.1}% 46
\BOOKMARK [3][-]{subsubsection.3.8.1.8}{\376\377\0003\000.\0008\000.\0001\000.\0008\000\040\000S\000e\000l\000e\000c\000t\000i\000o\000n\000\137\000a\000r\000m\000o\000u\000r\000\050\000\051}{subsection.3.8.1}% 47
\BOOKMARK [3][-]{subsubsection.3.8.1.9}{\376\377\0003\000.\0008\000.\0001\000.\0009\000\040\000S\000e\000l\000e\000c\000t\000i\000o\000n\000\137\000s\000i\000d\000e\000a\000r\000m\000\050\000\051}{subsection.3.8.1}% 48
\BOOKMARK [3][-]{subsubsection.3.8.1.10}{\376\377\0003\000.\0008\000.\0001\000.\0001\0000\000\040\000S\000e\000l\000e\000c\000t\000i\000o\000n\000\137\000s\000k\000i\000l\000l\000s\000\050\000\051}{subsection.3.8.1}% 49
\BOOKMARK [3][-]{subsubsection.3.8.1.11}{\376\377\0003\000.\0008\000.\0001\000.\0001\0001\000\040\000S\000e\000l\000e\000c\000t\000i\000o\000n\000\137\000w\000e\000a\000p\000o\000n\000\050\000\051}{subsection.3.8.1}% 50
\BOOKMARK [1][-]{section.3.9}{\376\377\0003\000.\0009\000\040\000F\000a\000c\000e\000\040\000C\000l\000a\000s\000s\000\040\000R\000e\000f\000e\000r\000e\000n\000c\000e}{chapter.3}% 51
\BOOKMARK [2][-]{subsection.3.9.1}{\376\377\0003\000.\0009\000.\0001\000\040\000M\000e\000m\000b\000e\000r\000\040\000F\000u\000n\000c\000t\000i\000o\000n\000\040\000D\000o\000c\000u\000m\000e\000n\000t\000a\000t\000i\000o\000n}{section.3.9}% 52
\BOOKMARK [3][-]{subsubsection.3.9.1.1}{\376\377\0003\000.\0009\000.\0001\000.\0001\000\040\000D\000r\000a\000w\000\050\000\051}{subsection.3.9.1}% 53
\BOOKMARK [1][-]{section.3.10}{\376\377\0003\000.\0001\0000\000\040\000G\000a\000m\000e\000L\000o\000g\000i\000c\000\040\000C\000l\000a\000s\000s\000\040\000R\000e\000f\000e\000r\000e\000n\000c\000e}{chapter.3}% 54
\BOOKMARK [2][-]{subsection.3.10.1}{\376\377\0003\000.\0001\0000\000.\0001\000\040\000M\000e\000m\000b\000e\000r\000\040\000F\000u\000n\000c\000t\000i\000o\000n\000\040\000D\000o\000c\000u\000m\000e\000n\000t\000a\000t\000i\000o\000n}{section.3.10}% 55
\BOOKMARK [3][-]{subsubsection.3.10.1.1}{\376\377\0003\000.\0001\0000\000.\0001\000.\0001\000\040\000A\000c\000t\000i\000v\000a\000t\000e\000A\000l\000t\000a\000r\000s\000\050\000\051}{subsection.3.10.1}% 56
\BOOKMARK [3][-]{subsubsection.3.10.1.2}{\376\377\0003\000.\0001\0000\000.\0001\000.\0002\000\040\000C\000h\000e\000c\000k\000P\000i\000c\000k\000u\000p\000s\000\050\000\051}{subsection.3.10.1}% 57
\BOOKMARK [3][-]{subsubsection.3.10.1.3}{\376\377\0003\000.\0001\0000\000.\0001\000.\0003\000\040\000D\000e\000a\000l\000D\000a\000m\000a\000g\000e\000\050\000\051}{subsection.3.10.1}% 58
\BOOKMARK [3][-]{subsubsection.3.10.1.4}{\376\377\0003\000.\0001\0000\000.\0001\000.\0004\000\040\000D\000r\000a\000w\000\050\000\051}{subsection.3.10.1}% 59
\BOOKMARK [3][-]{subsubsection.3.10.1.5}{\376\377\0003\000.\0001\0000\000.\0001\000.\0005\000\040\000E\000n\000e\000m\000y\000\137\000M\000o\000v\000e\000m\000e\000n\000t\000\050\000\051}{subsection.3.10.1}% 60
\BOOKMARK [3][-]{subsubsection.3.10.1.6}{\376\377\0003\000.\0001\0000\000.\0001\000.\0006\000\040\000G\000e\000t\000I\000n\000t\000e\000r\000a\000c\000t\000\050\000\051}{subsection.3.10.1}% 61
\BOOKMARK [3][-]{subsubsection.3.10.1.7}{\376\377\0003\000.\0001\0000\000.\0001\000.\0007\000\040\000I\000n\000i\000t\000i\000a\000l\000i\000z\000e\000D\000r\000o\000p\000\050\000\051}{subsection.3.10.1}% 62
\BOOKMARK [3][-]{subsubsection.3.10.1.8}{\376\377\0003\000.\0001\0000\000.\0001\000.\0008\000\040\000I\000n\000i\000t\000i\000a\000l\000i\000z\000e\000D\000r\000o\000p\000s\000\050\000\051}{subsection.3.10.1}% 63
\BOOKMARK [3][-]{subsubsection.3.10.1.9}{\376\377\0003\000.\0001\0000\000.\0001\000.\0009\000\040\000I\000n\000i\000t\000i\000a\000l\000i\000z\000e\000E\000n\000e\000m\000i\000e\000s\000\050\000\051}{subsection.3.10.1}% 64
\BOOKMARK [3][-]{subsubsection.3.10.1.10}{\376\377\0003\000.\0001\0000\000.\0001\000.\0001\0000\000\040\000I\000n\000i\000t\000i\000a\000l\000i\000z\000e\000E\000n\000e\000m\000y\000\050\000\051}{subsection.3.10.1}% 65
\BOOKMARK [3][-]{subsubsection.3.10.1.11}{\376\377\0003\000.\0001\0000\000.\0001\000.\0001\0001\000\040\000I\000n\000i\000t\000i\000a\000l\000i\000z\000e\000N\000P\000C\000\050\000\051}{subsection.3.10.1}% 66
\BOOKMARK [3][-]{subsubsection.3.10.1.12}{\376\377\0003\000.\0001\0000\000.\0001\000.\0001\0002\000\040\000I\000n\000i\000t\000i\000a\000l\000i\000z\000e\000N\000P\000C\000s\000\050\000\051}{subsection.3.10.1}% 67
\BOOKMARK [3][-]{subsubsection.3.10.1.13}{\376\377\0003\000.\0001\0000\000.\0001\000.\0001\0003\000\040\000I\000n\000t\000e\000r\000a\000c\000t\000\050\000\051}{subsection.3.10.1}% 68
\BOOKMARK [3][-]{subsubsection.3.10.1.14}{\376\377\0003\000.\0001\0000\000.\0001\000.\0001\0004\000\040\000M\000e\000e\000l\000e\000\050\000\051}{subsection.3.10.1}% 69
\BOOKMARK [3][-]{subsubsection.3.10.1.15}{\376\377\0003\000.\0001\0000\000.\0001\000.\0001\0005\000\040\000M\000o\000v\000e\000m\000e\000n\000t\000\050\000\051}{subsection.3.10.1}% 70
\BOOKMARK [3][-]{subsubsection.3.10.1.16}{\376\377\0003\000.\0001\0000\000.\0001\000.\0001\0006\000\040\000P\000i\000c\000k\000u\000p\000\050\000\051}{subsection.3.10.1}% 71
\BOOKMARK [3][-]{subsubsection.3.10.1.17}{\376\377\0003\000.\0001\0000\000.\0001\000.\0001\0007\000\040\000R\000e\000g\000e\000n\000\050\000\051}{subsection.3.10.1}% 72
\BOOKMARK [3][-]{subsubsection.3.10.1.18}{\376\377\0003\000.\0001\0000\000.\0001\000.\0001\0008\000\040\000R\000e\000n\000d\000e\000r\000F\000r\000a\000m\000e\000\050\000\051}{subsection.3.10.1}% 73
\BOOKMARK [3][-]{subsubsection.3.10.1.19}{\376\377\0003\000.\0001\0000\000.\0001\000.\0001\0009\000\040\000R\000e\000s\000e\000t\000E\000n\000e\000m\000i\000e\000s\000\050\000\051}{subsection.3.10.1}% 74
\BOOKMARK [3][-]{subsubsection.3.10.1.20}{\376\377\0003\000.\0001\0000\000.\0001\000.\0002\0000\000\040\000R\000e\000s\000t\000a\000r\000t\000\050\000\051}{subsection.3.10.1}% 75
\BOOKMARK [3][-]{subsubsection.3.10.1.21}{\376\377\0003\000.\0001\0000\000.\0001\000.\0002\0001\000\040\000S\000e\000t\000E\000n\000e\000m\000i\000e\000s\000\050\000\051}{subsection.3.10.1}% 76
\BOOKMARK [3][-]{subsubsection.3.10.1.22}{\376\377\0003\000.\0001\0000\000.\0001\000.\0002\0002\000\040\000S\000i\000d\000e\000A\000t\000t\000a\000c\000k\000\050\000\051}{subsection.3.10.1}% 77
\BOOKMARK [3][-]{subsubsection.3.10.1.23}{\376\377\0003\000.\0001\0000\000.\0001\000.\0002\0003\000\040\000S\000k\000i\000l\000l\000\050\000\051}{subsection.3.10.1}% 78
\BOOKMARK [3][-]{subsubsection.3.10.1.24}{\376\377\0003\000.\0001\0000\000.\0001\000.\0002\0004\000\040\000S\000w\000a\000p\000\050\000\051}{subsection.3.10.1}% 79
\BOOKMARK [3][-]{subsubsection.3.10.1.25}{\376\377\0003\000.\0001\0000\000.\0001\000.\0002\0005\000\040\000T\000a\000k\000e\000D\000a\000m\000a\000g\000e\000\050\000\051}{subsection.3.10.1}% 80
\BOOKMARK [3][-]{subsubsection.3.10.1.26}{\376\377\0003\000.\0001\0000\000.\0001\000.\0002\0006\000\040\000T\000r\000i\000g\000g\000e\000r\000B\000o\000s\000s\000\050\000\051}{subsection.3.10.1}% 81
\BOOKMARK [3][-]{subsubsection.3.10.1.27}{\376\377\0003\000.\0001\0000\000.\0001\000.\0002\0007\000\040\000T\000r\000i\000g\000g\000e\000r\000E\000Q\000\050\000\051}{subsection.3.10.1}% 82
\BOOKMARK [3][-]{subsubsection.3.10.1.28}{\376\377\0003\000.\0001\0000\000.\0001\000.\0002\0008\000\040\000U\000p\000d\000a\000t\000e\000S\000t\000a\000t\000s\000\050\000\051}{subsection.3.10.1}% 83
\BOOKMARK [1][-]{section.3.11}{\376\377\0003\000.\0001\0001\000\040\000I\000n\000d\000e\000x\000B\000u\000f\000f\000e\000r\000\040\000C\000l\000a\000s\000s\000\040\000R\000e\000f\000e\000r\000e\000n\000c\000e}{chapter.3}% 84
\BOOKMARK [2][-]{subsection.3.11.1}{\376\377\0003\000.\0001\0001\000.\0001\000\040\000M\000e\000m\000b\000e\000r\000\040\000F\000u\000n\000c\000t\000i\000o\000n\000\040\000D\000o\000c\000u\000m\000e\000n\000t\000a\000t\000i\000o\000n}{section.3.11}% 85
\BOOKMARK [3][-]{subsubsection.3.11.1.1}{\376\377\0003\000.\0001\0001\000.\0001\000.\0001\000\040\000B\000i\000n\000d\000\050\000\051}{subsection.3.11.1}% 86
\BOOKMARK [3][-]{subsubsection.3.11.1.2}{\376\377\0003\000.\0001\0001\000.\0001\000.\0002\000\040\000G\000e\000t\000C\000o\000u\000n\000t\000\050\000\051}{subsection.3.11.1}% 87
\BOOKMARK [3][-]{subsubsection.3.11.1.3}{\376\377\0003\000.\0001\0001\000.\0001\000.\0003\000\040\000U\000n\000b\000i\000n\000d\000\050\000\051}{subsection.3.11.1}% 88
\BOOKMARK [1][-]{section.3.12}{\376\377\0003\000.\0001\0002\000\040\000I\000t\000e\000m\000\040\000C\000l\000a\000s\000s\000\040\000R\000e\000f\000e\000r\000e\000n\000c\000e}{chapter.3}% 89
\BOOKMARK [2][-]{subsection.3.12.1}{\376\377\0003\000.\0001\0002\000.\0001\000\040\000M\000e\000m\000b\000e\000r\000\040\000F\000u\000n\000c\000t\000i\000o\000n\000\040\000D\000o\000c\000u\000m\000e\000n\000t\000a\000t\000i\000o\000n}{section.3.12}% 90
\BOOKMARK [3][-]{subsubsection.3.12.1.1}{\376\377\0003\000.\0001\0002\000.\0001\000.\0001\000\040\000B\000i\000n\000d\000\137\000d\000e\000s\000c\000r\000i\000p\000t\000i\000o\000n\000\050\000\051}{subsection.3.12.1}% 91
\BOOKMARK [3][-]{subsubsection.3.12.1.2}{\376\377\0003\000.\0001\0002\000.\0001\000.\0002\000\040\000B\000i\000n\000d\000\137\000t\000e\000x\000t\000u\000r\000e\000\050\000\051}{subsection.3.12.1}% 92
\BOOKMARK [3][-]{subsubsection.3.12.1.3}{\376\377\0003\000.\0001\0002\000.\0001\000.\0003\000\040\000b\000o\000n\000u\000s\000\137\000d\000a\000m\000a\000g\000e\000\137\000o\000n\000\137\000g\000r\000a\000s\000s\000\050\000\051}{subsection.3.12.1}% 93
\BOOKMARK [3][-]{subsubsection.3.12.1.4}{\376\377\0003\000.\0001\0002\000.\0001\000.\0004\000\040\000G\000e\000t\000\137\000c\000l\000a\000s\000s\000\050\000\051}{subsection.3.12.1}% 94
\BOOKMARK [3][-]{subsubsection.3.12.1.5}{\376\377\0003\000.\0001\0002\000.\0001\000.\0005\000\040\000G\000e\000t\000\137\000f\000i\000r\000s\000t\000\137\000s\000t\000a\000t\000\050\000\051}{subsection.3.12.1}% 95
\BOOKMARK [3][-]{subsubsection.3.12.1.6}{\376\377\0003\000.\0001\0002\000.\0001\000.\0006\000\040\000G\000e\000t\000\137\000s\000e\000c\000c\000o\000n\000d\000\137\000s\000t\000a\000t\000\050\000\051}{subsection.3.12.1}% 96
\BOOKMARK [3][-]{subsubsection.3.12.1.7}{\376\377\0003\000.\0001\0002\000.\0001\000.\0007\000\040\000G\000e\000t\000\137\000t\000y\000p\000e\000\050\000\051}{subsection.3.12.1}% 97
\BOOKMARK [3][-]{subsubsection.3.12.1.8}{\376\377\0003\000.\0001\0002\000.\0001\000.\0008\000\040\000n\000o\000\137\000e\000f\000f\000e\000c\000t\000\050\000\051}{subsection.3.12.1}% 98
\BOOKMARK [3][-]{subsubsection.3.12.1.9}{\376\377\0003\000.\0001\0002\000.\0001\000.\0009\000\040\000T\000r\000i\000g\000g\000e\000r\000\050\000\051}{subsection.3.12.1}% 99
\BOOKMARK [1][-]{section.3.13}{\376\377\0003\000.\0001\0003\000\040\000M\000e\000n\000u\000\040\000C\000l\000a\000s\000s\000\040\000R\000e\000f\000e\000r\000e\000n\000c\000e}{chapter.3}% 100
\BOOKMARK [2][-]{subsection.3.13.1}{\376\377\0003\000.\0001\0003\000.\0001\000\040\000M\000e\000m\000b\000e\000r\000\040\000F\000u\000n\000c\000t\000i\000o\000n\000\040\000D\000o\000c\000u\000m\000e\000n\000t\000a\000t\000i\000o\000n}{section.3.13}% 101
\BOOKMARK [3][-]{subsubsection.3.13.1.1}{\376\377\0003\000.\0001\0003\000.\0001\000.\0001\000\040\000D\000r\000a\000w\000\050\000\051}{subsection.3.13.1}% 102
\BOOKMARK [3][-]{subsubsection.3.13.1.2}{\376\377\0003\000.\0001\0003\000.\0001\000.\0002\000\040\000D\000r\000a\000w\000\137\000b\000a\000c\000k\000g\000r\000o\000u\000n\000d\000\050\000\051}{subsection.3.13.1}% 103
\BOOKMARK [3][-]{subsubsection.3.13.1.3}{\376\377\0003\000.\0001\0003\000.\0001\000.\0003\000\040\000D\000r\000a\000w\000\137\000b\000u\000t\000t\000o\000n\000s\000\050\000\051}{subsection.3.13.1}% 104
\BOOKMARK [3][-]{subsubsection.3.13.1.4}{\376\377\0003\000.\0001\0003\000.\0001\000.\0004\000\040\000D\000r\000a\000w\000\137\000o\000p\000t\000i\000o\000n\000s\000\137\000b\000u\000t\000t\000o\000n\000s\000\050\000\051}{subsection.3.13.1}% 105
\BOOKMARK [1][-]{section.3.14}{\376\377\0003\000.\0001\0004\000\040\000M\000i\000n\000i\000m\000e\000n\000u\000\040\000C\000l\000a\000s\000s\000\040\000R\000e\000f\000e\000r\000e\000n\000c\000e}{chapter.3}% 106
\BOOKMARK [2][-]{subsection.3.14.1}{\376\377\0003\000.\0001\0004\000.\0001\000\040\000M\000e\000m\000b\000e\000r\000\040\000F\000u\000n\000c\000t\000i\000o\000n\000\040\000D\000o\000c\000u\000m\000e\000n\000t\000a\000t\000i\000o\000n}{section.3.14}% 107
\BOOKMARK [3][-]{subsubsection.3.14.1.1}{\376\377\0003\000.\0001\0004\000.\0001\000.\0001\000\040\000C\000h\000a\000n\000g\000e\000S\000e\000l\000e\000c\000t\000e\000d\000I\000t\000e\000m\000\050\000\051}{subsection.3.14.1}% 108
\BOOKMARK [3][-]{subsubsection.3.14.1.2}{\376\377\0003\000.\0001\0004\000.\0001\000.\0002\000\040\000C\000h\000e\000c\000k\000P\000r\000i\000c\000e\000\050\000\051}{subsection.3.14.1}% 109
\BOOKMARK [3][-]{subsubsection.3.14.1.3}{\376\377\0003\000.\0001\0004\000.\0001\000.\0003\000\040\000D\000r\000a\000w\000\050\000\051}{subsection.3.14.1}% 110
\BOOKMARK [3][-]{subsubsection.3.14.1.4}{\376\377\0003\000.\0001\0004\000.\0001\000.\0004\000\040\000D\000r\000a\000w\000\137\000b\000a\000c\000k\000g\000r\000o\000u\000n\000d\000\050\000\051}{subsection.3.14.1}% 111
\BOOKMARK [3][-]{subsubsection.3.14.1.5}{\376\377\0003\000.\0001\0004\000.\0001\000.\0005\000\040\000D\000r\000a\000w\000\137\000b\000u\000t\000t\000o\000n\000s\000\050\000\051}{subsection.3.14.1}% 112
\BOOKMARK [3][-]{subsubsection.3.14.1.6}{\376\377\0003\000.\0001\0004\000.\0001\000.\0006\000\040\000D\000r\000a\000w\000\137\000i\000t\000e\000m\000\137\000s\000h\000o\000p\000\050\000\051}{subsection.3.14.1}% 113
\BOOKMARK [3][-]{subsubsection.3.14.1.7}{\376\377\0003\000.\0001\0004\000.\0001\000.\0007\000\040\000G\000e\000t\000C\000o\000n\000f\000i\000r\000m\000a\000t\000i\000o\000n\000\050\000\051}{subsection.3.14.1}% 114
\BOOKMARK [3][-]{subsubsection.3.14.1.8}{\376\377\0003\000.\0001\0004\000.\0001\000.\0008\000\040\000G\000e\000t\000I\000t\000e\000m\000\050\000\051}{subsection.3.14.1}% 115
\BOOKMARK [3][-]{subsubsection.3.14.1.9}{\376\377\0003\000.\0001\0004\000.\0001\000.\0009\000\040\000S\000e\000t\000\137\000i\000t\000e\000m\000\137\000l\000i\000s\000t\000\050\000\051}{subsection.3.14.1}% 116
\BOOKMARK [1][-]{section.3.15}{\376\377\0003\000.\0001\0005\000\040\000N\000P\000C\000\040\000C\000l\000a\000s\000s\000\040\000R\000e\000f\000e\000r\000e\000n\000c\000e}{chapter.3}% 117
\BOOKMARK [2][-]{subsection.3.15.1}{\376\377\0003\000.\0001\0005\000.\0001\000\040\000M\000e\000m\000b\000e\000r\000\040\000F\000u\000n\000c\000t\000i\000o\000n\000\040\000D\000o\000c\000u\000m\000e\000n\000t\000a\000t\000i\000o\000n}{section.3.15}% 118
\BOOKMARK [3][-]{subsubsection.3.15.1.1}{\376\377\0003\000.\0001\0005\000.\0001\000.\0001\000\040\000G\000e\000t\000\137\000m\000e\000n\000u\000\137\000i\000t\000e\000m\000s\000\050\000\051}{subsection.3.15.1}% 119
\BOOKMARK [3][-]{subsubsection.3.15.1.2}{\376\377\0003\000.\0001\0005\000.\0001\000.\0002\000\040\000G\000e\000t\000\137\000m\000e\000n\000u\000\137\000s\000i\000d\000e\000a\000r\000m\000\050\000\051}{subsection.3.15.1}% 120
\BOOKMARK [3][-]{subsubsection.3.15.1.3}{\376\377\0003\000.\0001\0005\000.\0001\000.\0003\000\040\000G\000e\000t\000\137\000m\000e\000n\000u\000\137\000s\000t\000o\000r\000y\000\050\000\051}{subsection.3.15.1}% 121
\BOOKMARK [3][-]{subsubsection.3.15.1.4}{\376\377\0003\000.\0001\0005\000.\0001\000.\0004\000\040\000I\000n\000t\000e\000r\000a\000c\000t\000\050\000\051}{subsection.3.15.1}% 122
\BOOKMARK [3][-]{subsubsection.3.15.1.5}{\376\377\0003\000.\0001\0005\000.\0001\000.\0005\000\040\000n\000o\000\137\000i\000n\000t\000e\000r\000a\000c\000t\000\050\000\051}{subsection.3.15.1}% 123
\BOOKMARK [3][-]{subsubsection.3.15.1.6}{\376\377\0003\000.\0001\0005\000.\0001\000.\0006\000\040\000o\000p\000e\000n\000\137\000m\000i\000n\000i\000\137\000m\000e\000n\000u\000\050\000\051}{subsection.3.15.1}% 124
\BOOKMARK [1][-]{section.3.16}{\376\377\0003\000.\0001\0006\000\040\000O\000v\000e\000r\000l\000a\000y\000\040\000C\000l\000a\000s\000s\000\040\000R\000e\000f\000e\000r\000e\000n\000c\000e}{chapter.3}% 125
\BOOKMARK [2][-]{subsection.3.16.1}{\376\377\0003\000.\0001\0006\000.\0001\000\040\000M\000e\000m\000b\000e\000r\000\040\000F\000u\000n\000c\000t\000i\000o\000n\000\040\000D\000o\000c\000u\000m\000e\000n\000t\000a\000t\000i\000o\000n}{section.3.16}% 126
\BOOKMARK [3][-]{subsubsection.3.16.1.1}{\376\377\0003\000.\0001\0006\000.\0001\000.\0001\000\040\000B\000i\000n\000d\000N\000u\000m\000b\000e\000r\000\050\000\051}{subsection.3.16.1}% 127
\BOOKMARK [3][-]{subsubsection.3.16.1.2}{\376\377\0003\000.\0001\0006\000.\0001\000.\0002\000\040\000D\000r\000a\000w\000\050\000\051}{subsection.3.16.1}% 128
\BOOKMARK [3][-]{subsubsection.3.16.1.3}{\376\377\0003\000.\0001\0006\000.\0001\000.\0003\000\040\000D\000r\000a\000w\000B\000a\000r\000\050\000\051}{subsection.3.16.1}% 129
\BOOKMARK [3][-]{subsubsection.3.16.1.4}{\376\377\0003\000.\0001\0006\000.\0001\000.\0004\000\040\000D\000r\000a\000w\000G\000o\000l\000d\000\050\000\051}{subsection.3.16.1}% 130
\BOOKMARK [3][-]{subsubsection.3.16.1.5}{\376\377\0003\000.\0001\0006\000.\0001\000.\0005\000\040\000D\000r\000a\000w\000L\000v\000l\000\050\000\051}{subsection.3.16.1}% 131
\BOOKMARK [3][-]{subsubsection.3.16.1.6}{\376\377\0003\000.\0001\0006\000.\0001\000.\0006\000\040\000D\000r\000a\000w\000S\000i\000d\000e\000S\000t\000a\000c\000k\000s\000\050\000\051}{subsection.3.16.1}% 132
\BOOKMARK [1][-]{section.3.17}{\376\377\0003\000.\0001\0007\000\040\000O\000w\000n\000e\000d\000\040\000C\000l\000a\000s\000s\000\040\000R\000e\000f\000e\000r\000e\000n\000c\000e}{chapter.3}% 133
\BOOKMARK [2][-]{subsection.3.17.1}{\376\377\0003\000.\0001\0007\000.\0001\000\040\000M\000e\000m\000b\000e\000r\000\040\000F\000u\000n\000c\000t\000i\000o\000n\000\040\000D\000o\000c\000u\000m\000e\000n\000t\000a\000t\000i\000o\000n}{section.3.17}% 134
\BOOKMARK [3][-]{subsubsection.3.17.1.1}{\376\377\0003\000.\0001\0007\000.\0001\000.\0001\000\040\000A\000d\000d\000\137\000i\000t\000e\000m\000\050\000\051}{subsection.3.17.1}% 135
\BOOKMARK [1][-]{section.3.18}{\376\377\0003\000.\0001\0008\000\040\000P\000r\000o\000j\000e\000c\000t\000i\000l\000e\000s\000\040\000C\000l\000a\000s\000s\000\040\000R\000e\000f\000e\000r\000e\000n\000c\000e}{chapter.3}% 136
\BOOKMARK [2][-]{subsection.3.18.1}{\376\377\0003\000.\0001\0008\000.\0001\000\040\000M\000e\000m\000b\000e\000r\000\040\000F\000u\000n\000c\000t\000i\000o\000n\000\040\000D\000o\000c\000u\000m\000e\000n\000t\000a\000t\000i\000o\000n}{section.3.18}% 137
\BOOKMARK [3][-]{subsubsection.3.18.1.1}{\376\377\0003\000.\0001\0008\000.\0001\000.\0001\000\040\000G\000e\000t\000D\000a\000m\000a\000g\000e\000\050\000\051}{subsection.3.18.1}% 138
\BOOKMARK [3][-]{subsubsection.3.18.1.2}{\376\377\0003\000.\0001\0008\000.\0001\000.\0002\000\040\000M\000o\000v\000e\000\050\000\051}{subsection.3.18.1}% 139
\BOOKMARK [1][-]{section.3.19}{\376\377\0003\000.\0001\0009\000\040\000R\000e\000n\000d\000e\000r\000e\000r\000\040\000C\000l\000a\000s\000s\000\040\000R\000e\000f\000e\000r\000e\000n\000c\000e}{chapter.3}% 140
\BOOKMARK [2][-]{subsection.3.19.1}{\376\377\0003\000.\0001\0009\000.\0001\000\040\000M\000e\000m\000b\000e\000r\000\040\000F\000u\000n\000c\000t\000i\000o\000n\000\040\000D\000o\000c\000u\000m\000e\000n\000t\000a\000t\000i\000o\000n}{section.3.19}% 141
\BOOKMARK [3][-]{subsubsection.3.19.1.1}{\376\377\0003\000.\0001\0009\000.\0001\000.\0001\000\040\000C\000l\000e\000a\000r\000\050\000\051}{subsection.3.19.1}% 142
\BOOKMARK [3][-]{subsubsection.3.19.1.2}{\376\377\0003\000.\0001\0009\000.\0001\000.\0002\000\040\000D\000r\000a\000w\000\050\000\051}{subsection.3.19.1}% 143
\BOOKMARK [1][-]{section.3.20}{\376\377\0003\000.\0002\0000\000\040\000S\000h\000a\000d\000e\000r\000\040\000C\000l\000a\000s\000s\000\040\000R\000e\000f\000e\000r\000e\000n\000c\000e}{chapter.3}% 144
\BOOKMARK [2][-]{subsection.3.20.1}{\376\377\0003\000.\0002\0000\000.\0001\000\040\000M\000e\000m\000b\000e\000r\000\040\000F\000u\000n\000c\000t\000i\000o\000n\000\040\000D\000o\000c\000u\000m\000e\000n\000t\000a\000t\000i\000o\000n}{section.3.20}% 145
\BOOKMARK [3][-]{subsubsection.3.20.1.1}{\376\377\0003\000.\0002\0000\000.\0001\000.\0001\000\040\000S\000e\000t\000U\000n\000i\000f\000o\000r\000m\0001\000i\000\050\000\051}{subsection.3.20.1}% 146
\BOOKMARK [3][-]{subsubsection.3.20.1.2}{\376\377\0003\000.\0002\0000\000.\0001\000.\0002\000\040\000S\000e\000t\000U\000n\000i\000f\000o\000r\000m\0002\000f\000\050\000\051}{subsection.3.20.1}% 147
\BOOKMARK [3][-]{subsubsection.3.20.1.3}{\376\377\0003\000.\0002\0000\000.\0001\000.\0003\000\040\000S\000e\000t\000U\000n\000i\000f\000o\000r\000m\0004\000f\000\050\000\051}{subsection.3.20.1}% 148
\BOOKMARK [1][-]{section.3.21}{\376\377\0003\000.\0002\0001\000\040\000S\000h\000a\000d\000e\000r\000P\000r\000o\000g\000r\000a\000m\000S\000o\000u\000r\000c\000e\000\040\000S\000t\000r\000u\000c\000t\000\040\000R\000e\000f\000e\000r\000e\000n\000c\000e}{chapter.3}% 149
\BOOKMARK [1][-]{section.3.22}{\376\377\0003\000.\0002\0002\000\040\000S\000k\000i\000l\000l\000s\000\040\000C\000l\000a\000s\000s\000\040\000R\000e\000f\000e\000r\000e\000n\000c\000e}{chapter.3}% 150
\BOOKMARK [2][-]{subsection.3.22.1}{\376\377\0003\000.\0002\0002\000.\0001\000\040\000M\000e\000m\000b\000e\000r\000\040\000F\000u\000n\000c\000t\000i\000o\000n\000\040\000D\000o\000c\000u\000m\000e\000n\000t\000a\000t\000i\000o\000n}{section.3.22}% 151
\BOOKMARK [3][-]{subsubsection.3.22.1.1}{\376\377\0003\000.\0002\0002\000.\0001\000.\0001\000\040\000B\000i\000n\000d\000\050\000\051}{subsection.3.22.1}% 152
\BOOKMARK [1][-]{section.3.23}{\376\377\0003\000.\0002\0003\000\040\000S\000t\000a\000t\000s\000\040\000C\000l\000a\000s\000s\000\040\000R\000e\000f\000e\000r\000e\000n\000c\000e}{chapter.3}% 153
\BOOKMARK [1][-]{section.3.24}{\376\377\0003\000.\0002\0004\000\040\000s\000t\000b\000i\000\137\000i\000o\000\137\000c\000a\000l\000l\000b\000a\000c\000k\000s\000\040\000S\000t\000r\000u\000c\000t\000\040\000R\000e\000f\000e\000r\000e\000n\000c\000e}{chapter.3}% 154
\BOOKMARK [1][-]{section.3.25}{\376\377\0003\000.\0002\0005\000\040\000S\000t\000o\000r\000y\000\040\000C\000l\000a\000s\000s\000\040\000R\000e\000f\000e\000r\000e\000n\000c\000e}{chapter.3}% 155
\BOOKMARK [2][-]{subsection.3.25.1}{\376\377\0003\000.\0002\0005\000.\0001\000\040\000C\000o\000n\000s\000t\000r\000u\000c\000t\000o\000r\000\040\000\046\000\040\000D\000e\000s\000t\000r\000u\000c\000t\000o\000r\000\040\000D\000o\000c\000u\000m\000e\000n\000t\000a\000t\000i\000o\000n}{section.3.25}% 156
\BOOKMARK [3][-]{subsubsection.3.25.1.1}{\376\377\0003\000.\0002\0005\000.\0001\000.\0001\000\040\000S\000t\000o\000r\000y\000\050\000\051}{subsection.3.25.1}% 157
\BOOKMARK [2][-]{subsection.3.25.2}{\376\377\0003\000.\0002\0005\000.\0002\000\040\000M\000e\000m\000b\000e\000r\000\040\000F\000u\000n\000c\000t\000i\000o\000n\000\040\000D\000o\000c\000u\000m\000e\000n\000t\000a\000t\000i\000o\000n}{section.3.25}% 158
\BOOKMARK [3][-]{subsubsection.3.25.2.1}{\376\377\0003\000.\0002\0005\000.\0002\000.\0001\000\040\000D\000r\000a\000w\000\050\000\051\000\040\000[\0001\000/\0002\000]}{subsection.3.25.2}% 159
\BOOKMARK [3][-]{subsubsection.3.25.2.2}{\376\377\0003\000.\0002\0005\000.\0002\000.\0002\000\040\000D\000r\000a\000w\000\050\000\051\000\040\000[\0002\000/\0002\000]}{subsection.3.25.2}% 160
\BOOKMARK [3][-]{subsubsection.3.25.2.3}{\376\377\0003\000.\0002\0005\000.\0002\000.\0003\000\040\000T\000r\000i\000g\000g\000e\000r\000\050\000\051}{subsection.3.25.2}% 161
\BOOKMARK [1][-]{section.3.26}{\376\377\0003\000.\0002\0006\000\040\000T\000e\000x\000t\000u\000r\000e\000\040\000C\000l\000a\000s\000s\000\040\000R\000e\000f\000e\000r\000e\000n\000c\000e}{chapter.3}% 162
\BOOKMARK [2][-]{subsection.3.26.1}{\376\377\0003\000.\0002\0006\000.\0001\000\040\000M\000e\000m\000b\000e\000r\000\040\000F\000u\000n\000c\000t\000i\000o\000n\000\040\000D\000o\000c\000u\000m\000e\000n\000t\000a\000t\000i\000o\000n}{section.3.26}% 163
\BOOKMARK [3][-]{subsubsection.3.26.1.1}{\376\377\0003\000.\0002\0006\000.\0001\000.\0001\000\040\000B\000i\000n\000d\000\050\000\051}{subsection.3.26.1}% 164
\BOOKMARK [3][-]{subsubsection.3.26.1.2}{\376\377\0003\000.\0002\0006\000.\0001\000.\0002\000\040\000G\000e\000t\000B\000P\000P\000\050\000\051}{subsection.3.26.1}% 165
\BOOKMARK [3][-]{subsubsection.3.26.1.3}{\376\377\0003\000.\0002\0006\000.\0001\000.\0003\000\040\000G\000e\000t\000H\000e\000i\000g\000h\000t\000\050\000\051}{subsection.3.26.1}% 166
\BOOKMARK [3][-]{subsubsection.3.26.1.4}{\376\377\0003\000.\0002\0006\000.\0001\000.\0004\000\040\000G\000e\000t\000W\000i\000d\000t\000h\000\050\000\051}{subsection.3.26.1}% 167
\BOOKMARK [3][-]{subsubsection.3.26.1.5}{\376\377\0003\000.\0002\0006\000.\0001\000.\0005\000\040\000U\000n\000b\000i\000n\000d\000\050\000\051}{subsection.3.26.1}% 168
\BOOKMARK [1][-]{section.3.27}{\376\377\0003\000.\0002\0007\000\040\000V\000e\000r\000t\000e\000x\000A\000r\000r\000a\000y\000\040\000C\000l\000a\000s\000s\000\040\000R\000e\000f\000e\000r\000e\000n\000c\000e}{chapter.3}% 169
\BOOKMARK [2][-]{subsection.3.27.1}{\376\377\0003\000.\0002\0007\000.\0001\000\040\000M\000e\000m\000b\000e\000r\000\040\000F\000u\000n\000c\000t\000i\000o\000n\000\040\000D\000o\000c\000u\000m\000e\000n\000t\000a\000t\000i\000o\000n}{section.3.27}% 170
\BOOKMARK [3][-]{subsubsection.3.27.1.1}{\376\377\0003\000.\0002\0007\000.\0001\000.\0001\000\040\000A\000d\000d\000B\000u\000f\000f\000e\000r\000\050\000\051}{subsection.3.27.1}% 171
\BOOKMARK [3][-]{subsubsection.3.27.1.2}{\376\377\0003\000.\0002\0007\000.\0001\000.\0002\000\040\000B\000i\000n\000d\000\050\000\051}{subsection.3.27.1}% 172
\BOOKMARK [3][-]{subsubsection.3.27.1.3}{\376\377\0003\000.\0002\0007\000.\0001\000.\0003\000\040\000U\000n\000b\000i\000n\000d\000\050\000\051}{subsection.3.27.1}% 173
\BOOKMARK [1][-]{section.3.28}{\376\377\0003\000.\0002\0008\000\040\000V\000e\000r\000t\000e\000x\000B\000u\000f\000f\000e\000r\000\040\000C\000l\000a\000s\000s\000\040\000R\000e\000f\000e\000r\000e\000n\000c\000e}{chapter.3}% 174
\BOOKMARK [2][-]{subsection.3.28.1}{\376\377\0003\000.\0002\0008\000.\0001\000\040\000M\000e\000m\000b\000e\000r\000\040\000F\000u\000n\000c\000t\000i\000o\000n\000\040\000D\000o\000c\000u\000m\000e\000n\000t\000a\000t\000i\000o\000n}{section.3.28}% 175
\BOOKMARK [3][-]{subsubsection.3.28.1.1}{\376\377\0003\000.\0002\0008\000.\0001\000.\0001\000\040\000B\000i\000n\000d\000\050\000\051}{subsection.3.28.1}% 176
\BOOKMARK [3][-]{subsubsection.3.28.1.2}{\376\377\0003\000.\0002\0008\000.\0001\000.\0002\000\040\000U\000n\000b\000i\000n\000d\000\050\000\051}{subsection.3.28.1}% 177
\BOOKMARK [1][-]{section.3.29}{\376\377\0003\000.\0002\0009\000\040\000V\000e\000r\000t\000e\000x\000B\000u\000f\000f\000e\000r\000E\000l\000e\000m\000e\000n\000t\000\040\000S\000t\000r\000u\000c\000t\000\040\000R\000e\000f\000e\000r\000e\000n\000c\000e}{chapter.3}% 178
\BOOKMARK [1][-]{section.3.30}{\376\377\0003\000.\0003\0000\000\040\000V\000e\000r\000t\000e\000x\000B\000u\000f\000f\000e\000r\000L\000a\000y\000o\000u\000t\000\040\000C\000l\000a\000s\000s\000\040\000R\000e\000f\000e\000r\000e\000n\000c\000e}{chapter.3}% 179
\BOOKMARK [0][-]{section*.50}{\376\377\000I\000n\000d\000e\000x}{}% 180
